This file contains any messages produced by compilers while
running configure, to aid debugging if configure makes a mistake.

It was created by PCRE configure 7.8, which was
generated by GNU Autoconf 2.61.  Invocation command line was

  $ ./configure --with-pic --disable-shared CC=gcc CFLAGS=-m64 -O

## --------- ##
## Platform. ##
## --------- ##

hostname = cmslpc30.fnal.gov
uname -m = x86_64
uname -r = 2.6.18-371.1.2.el5
uname -s = Linux
uname -v = #1 SMP Tue Oct 22 11:40:34 CDT 2013

/usr/bin/uname -p = unknown
/bin/uname -X     = unknown

/bin/arch              = x86_64
/usr/bin/arch -k       = unknown
/usr/convex/getsysinfo = unknown
/usr/bin/hostinfo      = unknown
/bin/machine           = unknown
/usr/bin/oslevel       = unknown
/bin/universe          = unknown

PATH: /uscms_data/d3/ajay/FNAL_CMSDAS14/CMSDAS_Jets_Long/CMSSW_4_2_8/bin/slc5_amd64_gcc434
PATH: /uscms_data/d3/ajay/FNAL_CMSDAS14/CMSDAS_Jets_Long/CMSSW_4_2_8/external/slc5_amd64_gcc434/bin
PATH: /uscmst1/prod/sw/cms/slc5_amd64_gcc434/cms/cmssw/CMSSW_4_2_8/bin/slc5_amd64_gcc434
PATH: /uscmst1/prod/sw/cms/slc5_amd64_gcc434/cms/cmssw/CMSSW_4_2_8/external/slc5_amd64_gcc434/bin
PATH: /uscmst1/prod/sw/cms/slc5_amd64_gcc434/external/gcc/4.3.4-cms/bin
PATH: /opt/gLite-3.2.11-1/d-cache/srm/bin
PATH: /opt/gLite-3.2.11-1/d-cache/dcap/bin
PATH: /opt/gLite-3.2.11-1/edg/bin
PATH: /opt/gLite-3.2.11-1/glite/bin
PATH: /opt/gLite-3.2.11-1/globus/bin
PATH: /opt/gLite-3.2.11-1/lcg/bin
PATH: /uscmst1/prod/sw/cms/common
PATH: /uscmst1/prod/sw/cms/bin
PATH: /usr/krb5/bin
PATH: /usr/kerberos/bin
PATH: /usr/local/bin
PATH: /bin
PATH: /usr/bin
PATH: /usr/X11R6/bin
PATH: /opt/ganglia/bin
PATH: /opt/lam/gnu/bin
PATH: /opt/rocks/bin
PATH: /opt/rocks/sbin


## ----------- ##
## Core tests. ##
## ----------- ##

configure:2030: checking for a BSD-compatible install
configure:2086: result: /usr/bin/install -c
configure:2097: checking whether build environment is sane
configure:2140: result: yes
configure:2168: checking for a thread-safe mkdir -p
configure:2207: result: /bin/mkdir -p
configure:2220: checking for gawk
configure:2236: found /bin/gawk
configure:2247: result: gawk
configure:2258: checking whether make sets $(MAKE)
configure:2279: result: yes
configure:2531: checking for gcc
configure:2558: result: gcc
configure:2796: checking for C compiler version
configure:2803: gcc --version >&5
gcc (GCC) 4.3.4
Copyright (C) 2008 Free Software Foundation, Inc.
This is free software; see the source for copying conditions.  There is NO
warranty; not even for MERCHANTABILITY or FITNESS FOR A PARTICULAR PURPOSE.

configure:2806: $? = 0
configure:2813: gcc -v >&5
Using built-in specs.
Target: x86_64-unknown-linux-gnu
Configured with: ../configure --prefix=/build1/311b/slc5_amd64_gcc434/external/gcc/4.3.4-cms --enable-languages=c,c++,fortran --with-gmp=/build1/311b/slc5_amd64_gcc434/external/gcc/4.3.4-cms --with-mpfr=/build1/311b/slc5_amd64_gcc434/external/gcc/4.3.4-cms --with-mpc=/build1/311b/slc5_amd64_gcc434/external/gcc/4.3.4-cms --enable-shared CC='gcc -fPIC' CXX='c++ -fPIC'
Thread model: posix
gcc version 4.3.4 (GCC) 
configure:2816: $? = 0
configure:2823: gcc -V >&5
gcc: '-V' option must have argument
configure:2826: $? = 1
configure:2849: checking for C compiler default output file name
configure:2876: gcc -m64 -O   conftest.c  >&5
configure:2879: $? = 0
configure:2917: result: a.out
configure:2934: checking whether the C compiler works
configure:2944: ./a.out
configure:2947: $? = 0
configure:2964: result: yes
configure:2971: checking whether we are cross compiling
configure:2973: result: no
configure:2976: checking for suffix of executables
configure:2983: gcc -o conftest -m64 -O   conftest.c  >&5
configure:2986: $? = 0
configure:3010: result: 
configure:3016: checking for suffix of object files
configure:3042: gcc -c -m64 -O  conftest.c >&5
configure:3045: $? = 0
configure:3068: result: o
configure:3072: checking whether we are using the GNU C compiler
configure:3101: gcc -c -m64 -O  conftest.c >&5
configure:3107: $? = 0
configure:3124: result: yes
configure:3129: checking whether gcc accepts -g
configure:3159: gcc -c -g  conftest.c >&5
configure:3165: $? = 0
configure:3264: result: yes
configure:3281: checking for gcc option to accept ISO C89
configure:3355: gcc  -c -m64 -O  conftest.c >&5
configure:3361: $? = 0
configure:3384: result: none needed
configure:3413: checking for style of include used by make
configure:3441: result: GNU
configure:3466: checking dependency style of gcc
configure:3557: result: gcc3
configure:3630: checking for g++
configure:3646: found /uscmst1/prod/sw/cms/slc5_amd64_gcc434/external/gcc/4.3.4-cms/bin/g++
configure:3657: result: g++
configure:3688: checking for C++ compiler version
configure:3695: g++ --version >&5
g++ (GCC) 4.3.4
Copyright (C) 2008 Free Software Foundation, Inc.
This is free software; see the source for copying conditions.  There is NO
warranty; not even for MERCHANTABILITY or FITNESS FOR A PARTICULAR PURPOSE.

configure:3698: $? = 0
configure:3705: g++ -v >&5
Using built-in specs.
Target: x86_64-unknown-linux-gnu
Configured with: ../configure --prefix=/build1/311b/slc5_amd64_gcc434/external/gcc/4.3.4-cms --enable-languages=c,c++,fortran --with-gmp=/build1/311b/slc5_amd64_gcc434/external/gcc/4.3.4-cms --with-mpfr=/build1/311b/slc5_amd64_gcc434/external/gcc/4.3.4-cms --with-mpc=/build1/311b/slc5_amd64_gcc434/external/gcc/4.3.4-cms --enable-shared CC='gcc -fPIC' CXX='c++ -fPIC'
Thread model: posix
gcc version 4.3.4 (GCC) 
configure:3708: $? = 0
configure:3715: g++ -V >&5
g++: '-V' option must have argument
configure:3718: $? = 1
configure:3721: checking whether we are using the GNU C++ compiler
configure:3750: g++ -c   conftest.cpp >&5
configure:3756: $? = 0
configure:3773: result: yes
configure:3778: checking whether g++ accepts -g
configure:3808: g++ -c -g  conftest.cpp >&5
configure:3814: $? = 0
configure:3913: result: yes
configure:3938: checking dependency style of g++
configure:4029: result: gcc3
configure:4097: g++ -c -O2  conftest.cpp >&5
configure:4103: $? = 0
configure:4137: checking for a BSD-compatible install
configure:4193: result: /usr/bin/install -c
configure:4284: checking build system type
configure:4302: result: x86_64-unknown-linux-gnu
configure:4324: checking host system type
configure:4339: result: x86_64-unknown-linux-gnu
configure:4361: checking for a sed that does not truncate output
configure:4417: result: /bin/sed
configure:4420: checking for grep that handles long lines and -e
configure:4494: result: /bin/grep
configure:4499: checking for egrep
configure:4577: result: /bin/grep -E
configure:4593: checking for ld used by gcc
configure:4660: result: /uscmst1/prod/sw/cms/slc5_amd64_gcc434/external/gcc/4.3.4-cms/x86_64-unknown-linux-gnu/bin/ld
configure:4669: checking if the linker (/uscmst1/prod/sw/cms/slc5_amd64_gcc434/external/gcc/4.3.4-cms/x86_64-unknown-linux-gnu/bin/ld) is GNU ld
configure:4684: result: yes
configure:4689: checking for /uscmst1/prod/sw/cms/slc5_amd64_gcc434/external/gcc/4.3.4-cms/x86_64-unknown-linux-gnu/bin/ld option to reload object files
configure:4696: result: -r
configure:4714: checking for BSD-compatible nm
configure:4763: result: /uscmst1/prod/sw/cms/slc5_amd64_gcc434/external/gcc/4.3.4-cms/bin/nm -B
configure:4767: checking whether ln -s works
configure:4771: result: yes
configure:4778: checking how to recognize dependent libraries
configure:4964: result: pass_all
configure:5053: gcc -c -m64 -O  conftest.c >&5
configure:5056: $? = 0
configure:5499: checking how to run the C preprocessor
configure:5539: gcc -E  conftest.c
configure:5545: $? = 0
configure:5576: gcc -E  conftest.c
conftest.c:10:28: error: ac_nonexistent.h: No such file or directory
configure:5582: $? = 1
configure: failed program was:
| /* confdefs.h.  */
| #define PACKAGE_NAME "PCRE"
| #define PACKAGE_TARNAME "pcre"
| #define PACKAGE_VERSION "7.8"
| #define PACKAGE_STRING "PCRE 7.8"
| #define PACKAGE_BUGREPORT ""
| #define PACKAGE "pcre"
| #define VERSION "7.8"
| /* end confdefs.h.  */
| #include <ac_nonexistent.h>
configure:5615: result: gcc -E
configure:5644: gcc -E  conftest.c
configure:5650: $? = 0
configure:5681: gcc -E  conftest.c
conftest.c:10:28: error: ac_nonexistent.h: No such file or directory
configure:5687: $? = 1
configure: failed program was:
| /* confdefs.h.  */
| #define PACKAGE_NAME "PCRE"
| #define PACKAGE_TARNAME "pcre"
| #define PACKAGE_VERSION "7.8"
| #define PACKAGE_STRING "PCRE 7.8"
| #define PACKAGE_BUGREPORT ""
| #define PACKAGE "pcre"
| #define VERSION "7.8"
| /* end confdefs.h.  */
| #include <ac_nonexistent.h>
configure:5725: checking for ANSI C header files
configure:5755: gcc -c -m64 -O  conftest.c >&5
configure:5761: $? = 0
configure:5860: gcc -o conftest -m64 -O   conftest.c  >&5
configure:5863: $? = 0
configure:5869: ./conftest
configure:5872: $? = 0
configure:5889: result: yes
configure:5913: checking for sys/types.h
configure:5934: gcc -c -m64 -O  conftest.c >&5
configure:5940: $? = 0
configure:5956: result: yes
configure:5913: checking for sys/stat.h
configure:5934: gcc -c -m64 -O  conftest.c >&5
configure:5940: $? = 0
configure:5956: result: yes
configure:5913: checking for stdlib.h
configure:5934: gcc -c -m64 -O  conftest.c >&5
configure:5940: $? = 0
configure:5956: result: yes
configure:5913: checking for string.h
configure:5934: gcc -c -m64 -O  conftest.c >&5
configure:5940: $? = 0
configure:5956: result: yes
configure:5913: checking for memory.h
configure:5934: gcc -c -m64 -O  conftest.c >&5
configure:5940: $? = 0
configure:5956: result: yes
configure:5913: checking for strings.h
configure:5934: gcc -c -m64 -O  conftest.c >&5
configure:5940: $? = 0
configure:5956: result: yes
configure:5913: checking for inttypes.h
configure:5934: gcc -c -m64 -O  conftest.c >&5
configure:5940: $? = 0
configure:5956: result: yes
configure:5913: checking for stdint.h
configure:5934: gcc -c -m64 -O  conftest.c >&5
configure:5940: $? = 0
configure:5956: result: yes
configure:5913: checking for unistd.h
configure:5934: gcc -c -m64 -O  conftest.c >&5
configure:5940: $? = 0
configure:5956: result: yes
configure:5983: checking dlfcn.h usability
configure:6000: gcc -c -m64 -O  conftest.c >&5
configure:6006: $? = 0
configure:6020: result: yes
configure:6024: checking dlfcn.h presence
configure:6039: gcc -E  conftest.c
configure:6045: $? = 0
configure:6059: result: yes
configure:6087: checking for dlfcn.h
configure:6095: result: yes
configure:6118: checking how to run the C++ preprocessor
configure:6154: g++ -E  conftest.cpp
configure:6160: $? = 0
configure:6191: g++ -E  conftest.cpp
conftest.cpp:21:28: error: ac_nonexistent.h: No such file or directory
configure:6197: $? = 1
configure: failed program was:
| /* confdefs.h.  */
| #define PACKAGE_NAME "PCRE"
| #define PACKAGE_TARNAME "pcre"
| #define PACKAGE_VERSION "7.8"
| #define PACKAGE_STRING "PCRE 7.8"
| #define PACKAGE_BUGREPORT ""
| #define PACKAGE "pcre"
| #define VERSION "7.8"
| #define STDC_HEADERS 1
| #define HAVE_SYS_TYPES_H 1
| #define HAVE_SYS_STAT_H 1
| #define HAVE_STDLIB_H 1
| #define HAVE_STRING_H 1
| #define HAVE_MEMORY_H 1
| #define HAVE_STRINGS_H 1
| #define HAVE_INTTYPES_H 1
| #define HAVE_STDINT_H 1
| #define HAVE_UNISTD_H 1
| #define HAVE_DLFCN_H 1
| /* end confdefs.h.  */
| #include <ac_nonexistent.h>
configure:6230: result: g++ -E
configure:6259: g++ -E  conftest.cpp
configure:6265: $? = 0
configure:6296: g++ -E  conftest.cpp
conftest.cpp:21:28: error: ac_nonexistent.h: No such file or directory
configure:6302: $? = 1
configure: failed program was:
| /* confdefs.h.  */
| #define PACKAGE_NAME "PCRE"
| #define PACKAGE_TARNAME "pcre"
| #define PACKAGE_VERSION "7.8"
| #define PACKAGE_STRING "PCRE 7.8"
| #define PACKAGE_BUGREPORT ""
| #define PACKAGE "pcre"
| #define VERSION "7.8"
| #define STDC_HEADERS 1
| #define HAVE_SYS_TYPES_H 1
| #define HAVE_SYS_STAT_H 1
| #define HAVE_STDLIB_H 1
| #define HAVE_STRING_H 1
| #define HAVE_MEMORY_H 1
| #define HAVE_STRINGS_H 1
| #define HAVE_INTTYPES_H 1
| #define HAVE_STDINT_H 1
| #define HAVE_UNISTD_H 1
| #define HAVE_DLFCN_H 1
| /* end confdefs.h.  */
| #include <ac_nonexistent.h>
configure:6394: checking for g77
configure:6410: found /usr/bin/g77
configure:6421: result: g77
configure:6451: checking for Fortran 77 compiler version
configure:6458: g77 --version >&5
GNU Fortran (GCC) 3.4.6 20060404 (Red Hat 3.4.6-4)
Copyright (C) 2006 Free Software Foundation, Inc.

GNU Fortran comes with NO WARRANTY, to the extent permitted by law.
You may redistribute copies of GNU Fortran
under the terms of the GNU General Public License.
For more information about these matters, see the file named COPYING
or type the command `info -f g77 Copying'.
configure:6461: $? = 0
configure:6468: g77 -v >&5
Reading specs from /usr/lib/gcc/x86_64-redhat-linux/3.4.6/specs
Configured with: ../configure --prefix=/usr --mandir=/usr/share/man --infodir=/usr/share/info --enable-shared --enable-threads=posix --disable-checking --with-system-zlib --enable-__cxa_atexit --disable-libunwind-exceptions --enable-languages=c,c++,f77 --disable-libgcj --host=x86_64-redhat-linux
Thread model: posix
gcc version 3.4.6 20060404 (Red Hat 3.4.6-4)
configure:6471: $? = 0
configure:6478: g77 -V >&5
g77: `-V' option must have argument
configure:6481: $? = 1
configure:6489: checking whether we are using the GNU Fortran 77 compiler
configure:6508: g77 -c  conftest.F >&5
configure:6514: $? = 0
configure:6531: result: yes
configure:6537: checking whether g77 accepts -g
configure:6554: g77 -c -g conftest.f >&5
configure:6560: $? = 0
configure:6576: result: yes
configure:6605: checking the maximum length of command line arguments
configure:6717: result: 98304
configure:6729: checking command to parse /uscmst1/prod/sw/cms/slc5_amd64_gcc434/external/gcc/4.3.4-cms/bin/nm -B output from gcc object
configure:6834: gcc -c -m64 -O  conftest.c >&5
configure:6837: $? = 0
configure:6841: /uscmst1/prod/sw/cms/slc5_amd64_gcc434/external/gcc/4.3.4-cms/bin/nm -B conftest.o \| sed -n -e 's/^.*[ 	]\([ABCDGIRSTW][ABCDGIRSTW]*\)[ 	][ 	]*\([_A-Za-z][_A-Za-z0-9]*\)$/\1 \2 \2/p' \> conftest.nm
configure:6844: $? = 0
configure:6896: gcc -o conftest -m64 -O   conftest.c conftstm.o >&5
configure:6899: $? = 0
configure:6937: result: ok
configure:6941: checking for objdir
configure:6956: result: .libs
configure:7048: checking for ar
configure:7064: found /uscmst1/prod/sw/cms/slc5_amd64_gcc434/external/gcc/4.3.4-cms/bin/ar
configure:7075: result: ar
configure:7144: checking for ranlib
configure:7160: found /uscmst1/prod/sw/cms/slc5_amd64_gcc434/external/gcc/4.3.4-cms/bin/ranlib
configure:7171: result: ranlib
configure:7240: checking for strip
configure:7256: found /uscmst1/prod/sw/cms/slc5_amd64_gcc434/external/gcc/4.3.4-cms/bin/strip
configure:7267: result: strip
configure:7816: checking for correct ltmain.sh version
configure:7866: result: yes
configure:7926: checking if gcc supports -fno-rtti -fno-exceptions
configure:7944: gcc -c -m64 -O  -fno-rtti -fno-exceptions conftest.c >&5
cc1: warning: command line option "-fno-rtti" is valid for C++/ObjC++ but not for C
configure:7948: $? = 0
configure:7961: result: no
configure:7976: checking for gcc option to produce PIC
configure:8208: result: -fPIC
configure:8216: checking if gcc PIC flag -fPIC works
configure:8234: gcc -c -m64 -O  -fPIC -DPIC conftest.c >&5
configure:8238: $? = 0
configure:8251: result: yes
configure:8279: checking if gcc static flag -static works
configure:8307: result: yes
configure:8317: checking if gcc supports -c -o file.o
configure:8338: gcc -c -m64 -O  -o out/conftest2.o conftest.c >&5
configure:8342: $? = 0
configure:8364: result: yes
configure:8390: checking whether the gcc linker (/uscmst1/prod/sw/cms/slc5_amd64_gcc434/external/gcc/4.3.4-cms/x86_64-unknown-linux-gnu/bin/ld -m elf_x86_64) supports shared libraries
configure:9370: result: yes
configure:9437: checking dynamic linker characteristics
configure:10052: result: GNU/Linux ld.so
configure:10076: checking how to hardcode library paths into programs
configure:10101: result: immediate
configure:10115: checking whether stripping libraries is possible
configure:10120: result: yes
configure:10922: checking if libtool supports shared libraries
configure:10924: result: yes
configure:10927: checking whether to build shared libraries
configure:10948: result: no
configure:10951: checking whether to build static libraries
configure:10955: result: yes
configure:11049: creating libtool
configure:11642: checking for ld used by g++
configure:11709: result: /uscmst1/prod/sw/cms/slc5_amd64_gcc434/external/gcc/4.3.4-cms/x86_64-unknown-linux-gnu/bin/ld -m elf_x86_64
configure:11718: checking if the linker (/uscmst1/prod/sw/cms/slc5_amd64_gcc434/external/gcc/4.3.4-cms/x86_64-unknown-linux-gnu/bin/ld -m elf_x86_64) is GNU ld
configure:11733: result: yes
configure:11784: checking whether the g++ linker (/uscmst1/prod/sw/cms/slc5_amd64_gcc434/external/gcc/4.3.4-cms/x86_64-unknown-linux-gnu/bin/ld -m elf_x86_64) supports shared libraries
configure:12730: result: yes
configure:12747: g++ -c -O2  conftest.cpp >&5
configure:12750: $? = 0
configure:12906: checking for g++ option to produce PIC
configure:13190: result: -fPIC
configure:13198: checking if g++ PIC flag -fPIC works
configure:13216: g++ -c -O2  -fPIC -DPIC conftest.cpp >&5
configure:13220: $? = 0
configure:13233: result: yes
configure:13261: checking if g++ static flag -static works
configure:13289: result: yes
configure:13299: checking if g++ supports -c -o file.o
configure:13320: g++ -c -O2  -o out/conftest2.o conftest.cpp >&5
configure:13324: $? = 0
configure:13346: result: yes
configure:13372: checking whether the g++ linker (/uscmst1/prod/sw/cms/slc5_amd64_gcc434/external/gcc/4.3.4-cms/x86_64-unknown-linux-gnu/bin/ld -m elf_x86_64) supports shared libraries
configure:13398: result: yes
configure:13465: checking dynamic linker characteristics
configure:14028: result: GNU/Linux ld.so
configure:14052: checking how to hardcode library paths into programs
configure:14077: result: immediate
configure:14616: checking if libtool supports shared libraries
configure:14618: result: yes
configure:14621: checking whether to build shared libraries
configure:14641: result: no
configure:14644: checking whether to build static libraries
configure:14648: result: yes
configure:14658: checking for g77 option to produce PIC
configure:14890: result: -fPIC
configure:14898: checking if g77 PIC flag -fPIC works
configure:14916: g77 -c -g -O2 -fPIC conftest.f >&5
configure:14920: $? = 0
configure:14933: result: yes
configure:14961: checking if g77 static flag -static works
configure:14989: result: yes
configure:14999: checking if g77 supports -c -o file.o
configure:15020: g77 -c -g -O2 -o out/conftest2.o conftest.f >&5
configure:15024: $? = 0
configure:15046: result: yes
configure:15072: checking whether the g77 linker (/uscmst1/prod/sw/cms/slc5_amd64_gcc434/external/gcc/4.3.4-cms/x86_64-unknown-linux-gnu/bin/ld -m elf_x86_64) supports shared libraries
configure:16032: result: yes
configure:16099: checking dynamic linker characteristics
configure:16662: result: GNU/Linux ld.so
configure:16686: checking how to hardcode library paths into programs
configure:16711: result: immediate
configure:20324: checking whether ln -s works
configure:20328: result: yes
configure:20574: checking for ANSI C header files
configure:20738: result: yes
configure:20767: checking limits.h usability
configure:20784: gcc -c -m64 -O  conftest.c >&5
configure:20790: $? = 0
configure:20804: result: yes
configure:20808: checking limits.h presence
configure:20823: gcc -E  conftest.c
configure:20829: $? = 0
configure:20843: result: yes
configure:20871: checking for limits.h
configure:20879: result: yes
configure:20757: checking for sys/types.h
configure:20763: result: yes
configure:20757: checking for sys/stat.h
configure:20763: result: yes
configure:20767: checking dirent.h usability
configure:20784: gcc -c -m64 -O  conftest.c >&5
configure:20790: $? = 0
configure:20804: result: yes
configure:20808: checking dirent.h presence
configure:20823: gcc -E  conftest.c
configure:20829: $? = 0
configure:20843: result: yes
configure:20871: checking for dirent.h
configure:20879: result: yes
configure:20767: checking windows.h usability
configure:20784: gcc -c -m64 -O  conftest.c >&5
conftest.c:59:21: error: windows.h: No such file or directory
configure:20790: $? = 1
configure: failed program was:
| /* confdefs.h.  */
| #define PACKAGE_NAME "PCRE"
| #define PACKAGE_TARNAME "pcre"
| #define PACKAGE_VERSION "7.8"
| #define PACKAGE_STRING "PCRE 7.8"
| #define PACKAGE_BUGREPORT ""
| #define PACKAGE "pcre"
| #define VERSION "7.8"
| #define STDC_HEADERS 1
| #define HAVE_SYS_TYPES_H 1
| #define HAVE_SYS_STAT_H 1
| #define HAVE_STDLIB_H 1
| #define HAVE_STRING_H 1
| #define HAVE_MEMORY_H 1
| #define HAVE_STRINGS_H 1
| #define HAVE_INTTYPES_H 1
| #define HAVE_STDINT_H 1
| #define HAVE_UNISTD_H 1
| #define HAVE_DLFCN_H 1
| #define STDC_HEADERS 1
| #define HAVE_LIMITS_H 1
| #define HAVE_SYS_TYPES_H 1
| #define HAVE_SYS_STAT_H 1
| #define HAVE_DIRENT_H 1
| /* end confdefs.h.  */
| #include <stdio.h>
| #ifdef HAVE_SYS_TYPES_H
| # include <sys/types.h>
| #endif
| #ifdef HAVE_SYS_STAT_H
| # include <sys/stat.h>
| #endif
| #ifdef STDC_HEADERS
| # include <stdlib.h>
| # include <stddef.h>
| #else
| # ifdef HAVE_STDLIB_H
| #  include <stdlib.h>
| # endif
| #endif
| #ifdef HAVE_STRING_H
| # if !defined STDC_HEADERS && defined HAVE_MEMORY_H
| #  include <memory.h>
| # endif
| # include <string.h>
| #endif
| #ifdef HAVE_STRINGS_H
| # include <strings.h>
| #endif
| #ifdef HAVE_INTTYPES_H
| # include <inttypes.h>
| #endif
| #ifdef HAVE_STDINT_H
| # include <stdint.h>
| #endif
| #ifdef HAVE_UNISTD_H
| # include <unistd.h>
| #endif
| #include <windows.h>
configure:20804: result: no
configure:20808: checking windows.h presence
configure:20823: gcc -E  conftest.c
conftest.c:26:21: error: windows.h: No such file or directory
configure:20829: $? = 1
configure: failed program was:
| /* confdefs.h.  */
| #define PACKAGE_NAME "PCRE"
| #define PACKAGE_TARNAME "pcre"
| #define PACKAGE_VERSION "7.8"
| #define PACKAGE_STRING "PCRE 7.8"
| #define PACKAGE_BUGREPORT ""
| #define PACKAGE "pcre"
| #define VERSION "7.8"
| #define STDC_HEADERS 1
| #define HAVE_SYS_TYPES_H 1
| #define HAVE_SYS_STAT_H 1
| #define HAVE_STDLIB_H 1
| #define HAVE_STRING_H 1
| #define HAVE_MEMORY_H 1
| #define HAVE_STRINGS_H 1
| #define HAVE_INTTYPES_H 1
| #define HAVE_STDINT_H 1
| #define HAVE_UNISTD_H 1
| #define HAVE_DLFCN_H 1
| #define STDC_HEADERS 1
| #define HAVE_LIMITS_H 1
| #define HAVE_SYS_TYPES_H 1
| #define HAVE_SYS_STAT_H 1
| #define HAVE_DIRENT_H 1
| /* end confdefs.h.  */
| #include <windows.h>
configure:20843: result: no
configure:20871: checking for windows.h
configure:20879: result: no
configure:20913: checking for alias support in the linker
configure:20942: g++ -o conftest -O2   -Wl,-alias,__ZN7pcrecpp2RE6no_argE,__ZN7pcrecpp6no_argE conftest.cpp  >&5
/uscmst1/prod/sw/cms/slc5_amd64_gcc434/external/gcc/4.3.4-cms/bin/../lib/gcc/x86_64-unknown-linux-gnu/4.3.4/../../../../x86_64-unknown-linux-gnu/bin/ld: unrecognized -a option `lias'
collect2: ld returned 1 exit status
configure:20948: $? = 1
configure: failed program was:
| /* confdefs.h.  */
| #define PACKAGE_NAME "PCRE"
| #define PACKAGE_TARNAME "pcre"
| #define PACKAGE_VERSION "7.8"
| #define PACKAGE_STRING "PCRE 7.8"
| #define PACKAGE_BUGREPORT ""
| #define PACKAGE "pcre"
| #define VERSION "7.8"
| #define STDC_HEADERS 1
| #define HAVE_SYS_TYPES_H 1
| #define HAVE_SYS_STAT_H 1
| #define HAVE_STDLIB_H 1
| #define HAVE_STRING_H 1
| #define HAVE_MEMORY_H 1
| #define HAVE_STRINGS_H 1
| #define HAVE_INTTYPES_H 1
| #define HAVE_STDINT_H 1
| #define HAVE_UNISTD_H 1
| #define HAVE_DLFCN_H 1
| #define STDC_HEADERS 1
| #define HAVE_LIMITS_H 1
| #define HAVE_SYS_TYPES_H 1
| #define HAVE_SYS_STAT_H 1
| #define HAVE_DIRENT_H 1
| /* end confdefs.h.  */
| namespace pcrecpp {
|                                     class RE { static int no_arg; };
|                                     int RE::no_arg;
|                                   }
| int
| main ()
| {
| 
|   ;
|   return 0;
| }
configure:20962: result: no
configure:20913: checking for alias support in the linker
configure:20942: g++ -o conftest -O2   -Wl,-i__ZN7pcrecpp6no_argE:__ZN7pcrecpp2RE6no_argE conftest.cpp  >&5
/uscmst1/prod/sw/cms/slc5_amd64_gcc434/external/gcc/4.3.4-cms/bin/../lib/gcc/x86_64-unknown-linux-gnu/4.3.4/../../../../x86_64-unknown-linux-gnu/bin/ld: bad -rpath option
collect2: ld returned 1 exit status
configure:20948: $? = 1
configure: failed program was:
| /* confdefs.h.  */
| #define PACKAGE_NAME "PCRE"
| #define PACKAGE_TARNAME "pcre"
| #define PACKAGE_VERSION "7.8"
| #define PACKAGE_STRING "PCRE 7.8"
| #define PACKAGE_BUGREPORT ""
| #define PACKAGE "pcre"
| #define VERSION "7.8"
| #define STDC_HEADERS 1
| #define HAVE_SYS_TYPES_H 1
| #define HAVE_SYS_STAT_H 1
| #define HAVE_STDLIB_H 1
| #define HAVE_STRING_H 1
| #define HAVE_MEMORY_H 1
| #define HAVE_STRINGS_H 1
| #define HAVE_INTTYPES_H 1
| #define HAVE_STDINT_H 1
| #define HAVE_UNISTD_H 1
| #define HAVE_DLFCN_H 1
| #define STDC_HEADERS 1
| #define HAVE_LIMITS_H 1
| #define HAVE_SYS_TYPES_H 1
| #define HAVE_SYS_STAT_H 1
| #define HAVE_DIRENT_H 1
| /* end confdefs.h.  */
| namespace pcrecpp {
|                                     class RE { static int no_arg; };
|                                     int RE::no_arg;
|                                   }
| int
| main ()
| {
| 
|   ;
|   return 0;
| }
configure:20962: result: no
configure:20990: checking string usability
configure:21007: g++ -c -O2  conftest.cpp >&5
configure:21013: $? = 0
configure:21027: result: yes
configure:21031: checking string presence
configure:21046: g++ -E  conftest.cpp
configure:21052: $? = 0
configure:21066: result: yes
configure:21094: checking for string
configure:21102: result: yes
configure:21132: checking bits/type_traits.h usability
configure:21149: g++ -c -O2  conftest.cpp >&5
conftest.cpp:60:30: error: bits/type_traits.h: No such file or directory
configure:21155: $? = 1
configure: failed program was:
| /* confdefs.h.  */
| #define PACKAGE_NAME "PCRE"
| #define PACKAGE_TARNAME "pcre"
| #define PACKAGE_VERSION "7.8"
| #define PACKAGE_STRING "PCRE 7.8"
| #define PACKAGE_BUGREPORT ""
| #define PACKAGE "pcre"
| #define VERSION "7.8"
| #define STDC_HEADERS 1
| #define HAVE_SYS_TYPES_H 1
| #define HAVE_SYS_STAT_H 1
| #define HAVE_STDLIB_H 1
| #define HAVE_STRING_H 1
| #define HAVE_MEMORY_H 1
| #define HAVE_STRINGS_H 1
| #define HAVE_INTTYPES_H 1
| #define HAVE_STDINT_H 1
| #define HAVE_UNISTD_H 1
| #define HAVE_DLFCN_H 1
| #define STDC_HEADERS 1
| #define HAVE_LIMITS_H 1
| #define HAVE_SYS_TYPES_H 1
| #define HAVE_SYS_STAT_H 1
| #define HAVE_DIRENT_H 1
| #define HAVE_STRING 1
| /* end confdefs.h.  */
| #include <stdio.h>
| #ifdef HAVE_SYS_TYPES_H
| # include <sys/types.h>
| #endif
| #ifdef HAVE_SYS_STAT_H
| # include <sys/stat.h>
| #endif
| #ifdef STDC_HEADERS
| # include <stdlib.h>
| # include <stddef.h>
| #else
| # ifdef HAVE_STDLIB_H
| #  include <stdlib.h>
| # endif
| #endif
| #ifdef HAVE_STRING_H
| # if !defined STDC_HEADERS && defined HAVE_MEMORY_H
| #  include <memory.h>
| # endif
| # include <string.h>
| #endif
| #ifdef HAVE_STRINGS_H
| # include <strings.h>
| #endif
| #ifdef HAVE_INTTYPES_H
| # include <inttypes.h>
| #endif
| #ifdef HAVE_STDINT_H
| # include <stdint.h>
| #endif
| #ifdef HAVE_UNISTD_H
| # include <unistd.h>
| #endif
| #include <bits/type_traits.h>
configure:21169: result: no
configure:21173: checking bits/type_traits.h presence
configure:21188: g++ -E  conftest.cpp
conftest.cpp:27:30: error: bits/type_traits.h: No such file or directory
configure:21194: $? = 1
configure: failed program was:
| /* confdefs.h.  */
| #define PACKAGE_NAME "PCRE"
| #define PACKAGE_TARNAME "pcre"
| #define PACKAGE_VERSION "7.8"
| #define PACKAGE_STRING "PCRE 7.8"
| #define PACKAGE_BUGREPORT ""
| #define PACKAGE "pcre"
| #define VERSION "7.8"
| #define STDC_HEADERS 1
| #define HAVE_SYS_TYPES_H 1
| #define HAVE_SYS_STAT_H 1
| #define HAVE_STDLIB_H 1
| #define HAVE_STRING_H 1
| #define HAVE_MEMORY_H 1
| #define HAVE_STRINGS_H 1
| #define HAVE_INTTYPES_H 1
| #define HAVE_STDINT_H 1
| #define HAVE_UNISTD_H 1
| #define HAVE_DLFCN_H 1
| #define STDC_HEADERS 1
| #define HAVE_LIMITS_H 1
| #define HAVE_SYS_TYPES_H 1
| #define HAVE_SYS_STAT_H 1
| #define HAVE_DIRENT_H 1
| #define HAVE_STRING 1
| /* end confdefs.h.  */
| #include <bits/type_traits.h>
configure:21208: result: no
configure:21236: checking for bits/type_traits.h
configure:21244: result: no
configure:21274: checking type_traits.h usability
configure:21291: g++ -c -O2  conftest.cpp >&5
conftest.cpp:60:25: error: type_traits.h: No such file or directory
configure:21297: $? = 1
configure: failed program was:
| /* confdefs.h.  */
| #define PACKAGE_NAME "PCRE"
| #define PACKAGE_TARNAME "pcre"
| #define PACKAGE_VERSION "7.8"
| #define PACKAGE_STRING "PCRE 7.8"
| #define PACKAGE_BUGREPORT ""
| #define PACKAGE "pcre"
| #define VERSION "7.8"
| #define STDC_HEADERS 1
| #define HAVE_SYS_TYPES_H 1
| #define HAVE_SYS_STAT_H 1
| #define HAVE_STDLIB_H 1
| #define HAVE_STRING_H 1
| #define HAVE_MEMORY_H 1
| #define HAVE_STRINGS_H 1
| #define HAVE_INTTYPES_H 1
| #define HAVE_STDINT_H 1
| #define HAVE_UNISTD_H 1
| #define HAVE_DLFCN_H 1
| #define STDC_HEADERS 1
| #define HAVE_LIMITS_H 1
| #define HAVE_SYS_TYPES_H 1
| #define HAVE_SYS_STAT_H 1
| #define HAVE_DIRENT_H 1
| #define HAVE_STRING 1
| /* end confdefs.h.  */
| #include <stdio.h>
| #ifdef HAVE_SYS_TYPES_H
| # include <sys/types.h>
| #endif
| #ifdef HAVE_SYS_STAT_H
| # include <sys/stat.h>
| #endif
| #ifdef STDC_HEADERS
| # include <stdlib.h>
| # include <stddef.h>
| #else
| # ifdef HAVE_STDLIB_H
| #  include <stdlib.h>
| # endif
| #endif
| #ifdef HAVE_STRING_H
| # if !defined STDC_HEADERS && defined HAVE_MEMORY_H
| #  include <memory.h>
| # endif
| # include <string.h>
| #endif
| #ifdef HAVE_STRINGS_H
| # include <strings.h>
| #endif
| #ifdef HAVE_INTTYPES_H
| # include <inttypes.h>
| #endif
| #ifdef HAVE_STDINT_H
| # include <stdint.h>
| #endif
| #ifdef HAVE_UNISTD_H
| # include <unistd.h>
| #endif
| #include <type_traits.h>
configure:21311: result: no
configure:21315: checking type_traits.h presence
configure:21330: g++ -E  conftest.cpp
conftest.cpp:27:25: error: type_traits.h: No such file or directory
configure:21336: $? = 1
configure: failed program was:
| /* confdefs.h.  */
| #define PACKAGE_NAME "PCRE"
| #define PACKAGE_TARNAME "pcre"
| #define PACKAGE_VERSION "7.8"
| #define PACKAGE_STRING "PCRE 7.8"
| #define PACKAGE_BUGREPORT ""
| #define PACKAGE "pcre"
| #define VERSION "7.8"
| #define STDC_HEADERS 1
| #define HAVE_SYS_TYPES_H 1
| #define HAVE_SYS_STAT_H 1
| #define HAVE_STDLIB_H 1
| #define HAVE_STRING_H 1
| #define HAVE_MEMORY_H 1
| #define HAVE_STRINGS_H 1
| #define HAVE_INTTYPES_H 1
| #define HAVE_STDINT_H 1
| #define HAVE_UNISTD_H 1
| #define HAVE_DLFCN_H 1
| #define STDC_HEADERS 1
| #define HAVE_LIMITS_H 1
| #define HAVE_SYS_TYPES_H 1
| #define HAVE_SYS_STAT_H 1
| #define HAVE_DIRENT_H 1
| #define HAVE_STRING 1
| /* end confdefs.h.  */
| #include <type_traits.h>
configure:21350: result: no
configure:21378: checking for type_traits.h
configure:21386: result: no
configure:21433: checking for an ANSI C-conforming const
configure:21508: gcc -c -m64 -O  conftest.c >&5
configure:21514: $? = 0
configure:21529: result: yes
configure:21539: checking for size_t
configure:21569: gcc -c -m64 -O  conftest.c >&5
configure:21575: $? = 0
configure:21590: result: yes
configure:21610: checking for strtoq
configure:21666: gcc -o conftest -m64 -O   conftest.c  >&5
configure:21672: $? = 0
configure:21690: result: yes
configure:21706: checking for long long
configure:21736: gcc -c -m64 -O  conftest.c >&5
configure:21742: $? = 0
configure:21757: result: yes
configure:21770: checking for unsigned long long
configure:21800: gcc -c -m64 -O  conftest.c >&5
configure:21806: $? = 0
configure:21821: result: yes
configure:21846: checking for bcopy
configure:21902: gcc -o conftest -m64 -O   conftest.c  >&5
conftest.c:53: warning: conflicting types for built-in function 'bcopy'
configure:21908: $? = 0
configure:21926: result: yes
configure:21846: checking for memmove
configure:21902: gcc -o conftest -m64 -O   conftest.c  >&5
conftest.c:54: warning: conflicting types for built-in function 'memmove'
configure:21908: $? = 0
configure:21926: result: yes
configure:21846: checking for strerror
configure:21902: gcc -o conftest -m64 -O   conftest.c  >&5
configure:21908: $? = 0
configure:21926: result: yes
configure:21954: checking zlib.h usability
configure:21971: gcc -c -m64 -O  conftest.c >&5
configure:21977: $? = 0
configure:21991: result: yes
configure:21995: checking zlib.h presence
configure:22010: gcc -E  conftest.c
configure:22016: $? = 0
configure:22030: result: yes
configure:22058: checking for zlib.h
configure:22066: result: yes
configure:22079: checking for gzopen in -lz
configure:22114: gcc -o conftest -m64 -O   conftest.c -lz   >&5
configure:22120: $? = 0
configure:22138: result: yes
configure:22162: checking bzlib.h usability
configure:22179: gcc -c -m64 -O  conftest.c >&5
configure:22185: $? = 0
configure:22199: result: yes
configure:22203: checking bzlib.h presence
configure:22218: gcc -E  conftest.c
configure:22224: $? = 0
configure:22238: result: yes
configure:22266: checking for bzlib.h
configure:22274: result: yes
configure:22287: checking for BZ2_bzopen in -lbz2
configure:22322: gcc -o conftest -m64 -O   conftest.c -lbz2   >&5
configure:22328: $? = 0
configure:22346: result: yes
configure:22370: checking readline/readline.h usability
configure:22387: gcc -c -m64 -O  conftest.c >&5
conftest.c:68:31: error: readline/readline.h: No such file or directory
configure:22393: $? = 1
configure: failed program was:
| /* confdefs.h.  */
| #define PACKAGE_NAME "PCRE"
| #define PACKAGE_TARNAME "pcre"
| #define PACKAGE_VERSION "7.8"
| #define PACKAGE_STRING "PCRE 7.8"
| #define PACKAGE_BUGREPORT ""
| #define PACKAGE "pcre"
| #define VERSION "7.8"
| #define STDC_HEADERS 1
| #define HAVE_SYS_TYPES_H 1
| #define HAVE_SYS_STAT_H 1
| #define HAVE_STDLIB_H 1
| #define HAVE_STRING_H 1
| #define HAVE_MEMORY_H 1
| #define HAVE_STRINGS_H 1
| #define HAVE_INTTYPES_H 1
| #define HAVE_STDINT_H 1
| #define HAVE_UNISTD_H 1
| #define HAVE_DLFCN_H 1
| #define STDC_HEADERS 1
| #define HAVE_LIMITS_H 1
| #define HAVE_SYS_TYPES_H 1
| #define HAVE_SYS_STAT_H 1
| #define HAVE_DIRENT_H 1
| #define HAVE_STRING 1
| #define HAVE_STRTOQ 1
| #define HAVE_LONG_LONG 1
| #define HAVE_UNSIGNED_LONG_LONG 1
| #define HAVE_BCOPY 1
| #define HAVE_MEMMOVE 1
| #define HAVE_STRERROR 1
| #define HAVE_ZLIB_H 1
| #define HAVE_BZLIB_H 1
| /* end confdefs.h.  */
| #include <stdio.h>
| #ifdef HAVE_SYS_TYPES_H
| # include <sys/types.h>
| #endif
| #ifdef HAVE_SYS_STAT_H
| # include <sys/stat.h>
| #endif
| #ifdef STDC_HEADERS
| # include <stdlib.h>
| # include <stddef.h>
| #else
| # ifdef HAVE_STDLIB_H
| #  include <stdlib.h>
| # endif
| #endif
| #ifdef HAVE_STRING_H
| # if !defined STDC_HEADERS && defined HAVE_MEMORY_H
| #  include <memory.h>
| # endif
| # include <string.h>
| #endif
| #ifdef HAVE_STRINGS_H
| # include <strings.h>
| #endif
| #ifdef HAVE_INTTYPES_H
| # include <inttypes.h>
| #endif
| #ifdef HAVE_STDINT_H
| # include <stdint.h>
| #endif
| #ifdef HAVE_UNISTD_H
| # include <unistd.h>
| #endif
| #include <readline/readline.h>
configure:22407: result: no
configure:22411: checking readline/readline.h presence
configure:22426: gcc -E  conftest.c
conftest.c:35:31: error: readline/readline.h: No such file or directory
configure:22432: $? = 1
configure: failed program was:
| /* confdefs.h.  */
| #define PACKAGE_NAME "PCRE"
| #define PACKAGE_TARNAME "pcre"
| #define PACKAGE_VERSION "7.8"
| #define PACKAGE_STRING "PCRE 7.8"
| #define PACKAGE_BUGREPORT ""
| #define PACKAGE "pcre"
| #define VERSION "7.8"
| #define STDC_HEADERS 1
| #define HAVE_SYS_TYPES_H 1
| #define HAVE_SYS_STAT_H 1
| #define HAVE_STDLIB_H 1
| #define HAVE_STRING_H 1
| #define HAVE_MEMORY_H 1
| #define HAVE_STRINGS_H 1
| #define HAVE_INTTYPES_H 1
| #define HAVE_STDINT_H 1
| #define HAVE_UNISTD_H 1
| #define HAVE_DLFCN_H 1
| #define STDC_HEADERS 1
| #define HAVE_LIMITS_H 1
| #define HAVE_SYS_TYPES_H 1
| #define HAVE_SYS_STAT_H 1
| #define HAVE_DIRENT_H 1
| #define HAVE_STRING 1
| #define HAVE_STRTOQ 1
| #define HAVE_LONG_LONG 1
| #define HAVE_UNSIGNED_LONG_LONG 1
| #define HAVE_BCOPY 1
| #define HAVE_MEMMOVE 1
| #define HAVE_STRERROR 1
| #define HAVE_ZLIB_H 1
| #define HAVE_BZLIB_H 1
| /* end confdefs.h.  */
| #include <readline/readline.h>
configure:22446: result: no
configure:22474: checking for readline/readline.h
configure:22482: result: no
configure:22510: checking readline/history.h usability
configure:22527: gcc -c -m64 -O  conftest.c >&5
conftest.c:68:30: error: readline/history.h: No such file or directory
configure:22533: $? = 1
configure: failed program was:
| /* confdefs.h.  */
| #define PACKAGE_NAME "PCRE"
| #define PACKAGE_TARNAME "pcre"
| #define PACKAGE_VERSION "7.8"
| #define PACKAGE_STRING "PCRE 7.8"
| #define PACKAGE_BUGREPORT ""
| #define PACKAGE "pcre"
| #define VERSION "7.8"
| #define STDC_HEADERS 1
| #define HAVE_SYS_TYPES_H 1
| #define HAVE_SYS_STAT_H 1
| #define HAVE_STDLIB_H 1
| #define HAVE_STRING_H 1
| #define HAVE_MEMORY_H 1
| #define HAVE_STRINGS_H 1
| #define HAVE_INTTYPES_H 1
| #define HAVE_STDINT_H 1
| #define HAVE_UNISTD_H 1
| #define HAVE_DLFCN_H 1
| #define STDC_HEADERS 1
| #define HAVE_LIMITS_H 1
| #define HAVE_SYS_TYPES_H 1
| #define HAVE_SYS_STAT_H 1
| #define HAVE_DIRENT_H 1
| #define HAVE_STRING 1
| #define HAVE_STRTOQ 1
| #define HAVE_LONG_LONG 1
| #define HAVE_UNSIGNED_LONG_LONG 1
| #define HAVE_BCOPY 1
| #define HAVE_MEMMOVE 1
| #define HAVE_STRERROR 1
| #define HAVE_ZLIB_H 1
| #define HAVE_BZLIB_H 1
| /* end confdefs.h.  */
| #include <stdio.h>
| #ifdef HAVE_SYS_TYPES_H
| # include <sys/types.h>
| #endif
| #ifdef HAVE_SYS_STAT_H
| # include <sys/stat.h>
| #endif
| #ifdef STDC_HEADERS
| # include <stdlib.h>
| # include <stddef.h>
| #else
| # ifdef HAVE_STDLIB_H
| #  include <stdlib.h>
| # endif
| #endif
| #ifdef HAVE_STRING_H
| # if !defined STDC_HEADERS && defined HAVE_MEMORY_H
| #  include <memory.h>
| # endif
| # include <string.h>
| #endif
| #ifdef HAVE_STRINGS_H
| # include <strings.h>
| #endif
| #ifdef HAVE_INTTYPES_H
| # include <inttypes.h>
| #endif
| #ifdef HAVE_STDINT_H
| # include <stdint.h>
| #endif
| #ifdef HAVE_UNISTD_H
| # include <unistd.h>
| #endif
| #include <readline/history.h>
configure:22547: result: no
configure:22551: checking readline/history.h presence
configure:22566: gcc -E  conftest.c
conftest.c:35:30: error: readline/history.h: No such file or directory
configure:22572: $? = 1
configure: failed program was:
| /* confdefs.h.  */
| #define PACKAGE_NAME "PCRE"
| #define PACKAGE_TARNAME "pcre"
| #define PACKAGE_VERSION "7.8"
| #define PACKAGE_STRING "PCRE 7.8"
| #define PACKAGE_BUGREPORT ""
| #define PACKAGE "pcre"
| #define VERSION "7.8"
| #define STDC_HEADERS 1
| #define HAVE_SYS_TYPES_H 1
| #define HAVE_SYS_STAT_H 1
| #define HAVE_STDLIB_H 1
| #define HAVE_STRING_H 1
| #define HAVE_MEMORY_H 1
| #define HAVE_STRINGS_H 1
| #define HAVE_INTTYPES_H 1
| #define HAVE_STDINT_H 1
| #define HAVE_UNISTD_H 1
| #define HAVE_DLFCN_H 1
| #define STDC_HEADERS 1
| #define HAVE_LIMITS_H 1
| #define HAVE_SYS_TYPES_H 1
| #define HAVE_SYS_STAT_H 1
| #define HAVE_DIRENT_H 1
| #define HAVE_STRING 1
| #define HAVE_STRTOQ 1
| #define HAVE_LONG_LONG 1
| #define HAVE_UNSIGNED_LONG_LONG 1
| #define HAVE_BCOPY 1
| #define HAVE_MEMMOVE 1
| #define HAVE_STRERROR 1
| #define HAVE_ZLIB_H 1
| #define HAVE_BZLIB_H 1
| /* end confdefs.h.  */
| #include <readline/history.h>
configure:22586: result: no
configure:22614: checking for readline/history.h
configure:22622: result: no
configure:22635: checking for readline in -lreadline
configure:22670: gcc -o conftest -m64 -O   conftest.c -lreadline   >&5
/uscmst1/prod/sw/cms/slc5_amd64_gcc434/external/gcc/4.3.4-cms/bin/../lib/gcc/x86_64-unknown-linux-gnu/4.3.4/../../../../x86_64-unknown-linux-gnu/bin/ld: cannot find -lreadline
collect2: ld returned 1 exit status
configure:22676: $? = 1
configure: failed program was:
| /* confdefs.h.  */
| #define PACKAGE_NAME "PCRE"
| #define PACKAGE_TARNAME "pcre"
| #define PACKAGE_VERSION "7.8"
| #define PACKAGE_STRING "PCRE 7.8"
| #define PACKAGE_BUGREPORT ""
| #define PACKAGE "pcre"
| #define VERSION "7.8"
| #define STDC_HEADERS 1
| #define HAVE_SYS_TYPES_H 1
| #define HAVE_SYS_STAT_H 1
| #define HAVE_STDLIB_H 1
| #define HAVE_STRING_H 1
| #define HAVE_MEMORY_H 1
| #define HAVE_STRINGS_H 1
| #define HAVE_INTTYPES_H 1
| #define HAVE_STDINT_H 1
| #define HAVE_UNISTD_H 1
| #define HAVE_DLFCN_H 1
| #define STDC_HEADERS 1
| #define HAVE_LIMITS_H 1
| #define HAVE_SYS_TYPES_H 1
| #define HAVE_SYS_STAT_H 1
| #define HAVE_DIRENT_H 1
| #define HAVE_STRING 1
| #define HAVE_STRTOQ 1
| #define HAVE_LONG_LONG 1
| #define HAVE_UNSIGNED_LONG_LONG 1
| #define HAVE_BCOPY 1
| #define HAVE_MEMMOVE 1
| #define HAVE_STRERROR 1
| #define HAVE_ZLIB_H 1
| #define HAVE_BZLIB_H 1
| /* end confdefs.h.  */
| 
| /* Override any GCC internal prototype to avoid an error.
|    Use char because int might match the return type of a GCC
|    builtin and then its argument prototype would still apply.  */
| #ifdef __cplusplus
| extern "C"
| #endif
| char readline ();
| int
| main ()
| {
| return readline ();
|   ;
|   return 0;
| }
configure:22694: result: no
configure:23044: creating ./config.status

## ---------------------- ##
## Running config.status. ##
## ---------------------- ##

This file was extended by PCRE config.status 7.8, which was
generated by GNU Autoconf 2.61.  Invocation command line was

  CONFIG_FILES    = 
  CONFIG_HEADERS  = 
  CONFIG_LINKS    = 
  CONFIG_COMMANDS = 
  $ ./config.status 

on cmslpc30.fnal.gov

config.status:691: creating Makefile
config.status:691: creating libpcre.pc
config.status:691: creating libpcrecpp.pc
config.status:691: creating pcre-config
config.status:691: creating pcre.h
config.status:691: creating pcre_stringpiece.h
config.status:691: creating pcrecpparg.h
config.status:691: creating config.h
config.status:987: executing depfiles commands
config.status:987: executing script-chmod commands
config.status:987: executing delete-old-chartables commands

## ---------------- ##
## Cache variables. ##
## ---------------- ##

ac_cv_build=x86_64-unknown-linux-gnu
ac_cv_c_compiler_gnu=yes
ac_cv_c_const=yes
ac_cv_cxx_compiler_gnu=yes
ac_cv_env_CCC_set=
ac_cv_env_CCC_value=
ac_cv_env_CC_set=set
ac_cv_env_CC_value=gcc
ac_cv_env_CFLAGS_set=set
ac_cv_env_CFLAGS_value='-m64 -O'
ac_cv_env_CPPFLAGS_set=
ac_cv_env_CPPFLAGS_value=
ac_cv_env_CPP_set=
ac_cv_env_CPP_value=
ac_cv_env_CXXCPP_set=
ac_cv_env_CXXCPP_value=
ac_cv_env_CXXFLAGS_set=
ac_cv_env_CXXFLAGS_value=
ac_cv_env_CXX_set=
ac_cv_env_CXX_value=
ac_cv_env_F77_set=
ac_cv_env_F77_value=
ac_cv_env_FFLAGS_set=
ac_cv_env_FFLAGS_value=
ac_cv_env_LDFLAGS_set=
ac_cv_env_LDFLAGS_value=
ac_cv_env_LIBS_set=
ac_cv_env_LIBS_value=
ac_cv_env_build_alias_set=
ac_cv_env_build_alias_value=
ac_cv_env_host_alias_set=
ac_cv_env_host_alias_value=
ac_cv_env_target_alias_set=
ac_cv_env_target_alias_value=
ac_cv_f77_compiler_gnu=yes
ac_cv_func_bcopy=yes
ac_cv_func_memmove=yes
ac_cv_func_strerror=yes
ac_cv_func_strtoq=yes
ac_cv_header_bits_type_traits_h=no
ac_cv_header_bzlib_h=yes
ac_cv_header_dirent_h=yes
ac_cv_header_dlfcn_h=yes
ac_cv_header_inttypes_h=yes
ac_cv_header_limits_h=yes
ac_cv_header_memory_h=yes
ac_cv_header_readline_history_h=no
ac_cv_header_readline_readline_h=no
ac_cv_header_stdc=yes
ac_cv_header_stdint_h=yes
ac_cv_header_stdlib_h=yes
ac_cv_header_string=yes
ac_cv_header_string_h=yes
ac_cv_header_strings_h=yes
ac_cv_header_sys_stat_h=yes
ac_cv_header_sys_types_h=yes
ac_cv_header_type_traits_h=no
ac_cv_header_unistd_h=yes
ac_cv_header_windows_h=no
ac_cv_header_zlib_h=yes
ac_cv_host=x86_64-unknown-linux-gnu
ac_cv_lib_bz2_BZ2_bzopen=yes
ac_cv_lib_readline_readline=no
ac_cv_lib_z_gzopen=yes
ac_cv_objext=o
ac_cv_path_EGREP='/bin/grep -E'
ac_cv_path_GREP=/bin/grep
ac_cv_path_install='/usr/bin/install -c'
ac_cv_path_mkdir=/bin/mkdir
ac_cv_prog_AWK=gawk
ac_cv_prog_CPP='gcc -E'
ac_cv_prog_CXXCPP='g++ -E'
ac_cv_prog_ac_ct_AR=ar
ac_cv_prog_ac_ct_CC=gcc
ac_cv_prog_ac_ct_CXX=g++
ac_cv_prog_ac_ct_F77=g77
ac_cv_prog_ac_ct_RANLIB=ranlib
ac_cv_prog_ac_ct_STRIP=strip
ac_cv_prog_cc_c89=
ac_cv_prog_cc_g=yes
ac_cv_prog_cxx_g=yes
ac_cv_prog_f77_g=yes
ac_cv_prog_make_make_set=yes
ac_cv_type_long_long=yes
ac_cv_type_size_t=yes
ac_cv_type_unsigned_long_long=yes
am_cv_CC_dependencies_compiler_type=gcc3
am_cv_CXX_dependencies_compiler_type=gcc3
lt_cv_deplibs_check_method=pass_all
lt_cv_file_magic_cmd='$MAGIC_CMD'
lt_cv_file_magic_test_file=
lt_cv_ld_reload_flag=-r
lt_cv_objdir=.libs
lt_cv_path_LD=/uscmst1/prod/sw/cms/slc5_amd64_gcc434/external/gcc/4.3.4-cms/x86_64-unknown-linux-gnu/bin/ld
lt_cv_path_LDCXX='/uscmst1/prod/sw/cms/slc5_amd64_gcc434/external/gcc/4.3.4-cms/x86_64-unknown-linux-gnu/bin/ld -m elf_x86_64'
lt_cv_path_NM='/uscmst1/prod/sw/cms/slc5_amd64_gcc434/external/gcc/4.3.4-cms/bin/nm -B'
lt_cv_path_SED=/bin/sed
lt_cv_prog_compiler_c_o=yes
lt_cv_prog_compiler_c_o_CXX=yes
lt_cv_prog_compiler_c_o_F77=yes
lt_cv_prog_compiler_pic_works=yes
lt_cv_prog_compiler_pic_works_CXX=yes
lt_cv_prog_compiler_pic_works_F77=yes
lt_cv_prog_compiler_rtti_exceptions=no
lt_cv_prog_compiler_static_works=yes
lt_cv_prog_compiler_static_works_CXX=yes
lt_cv_prog_compiler_static_works_F77=yes
lt_cv_prog_gnu_ld=yes
lt_cv_prog_gnu_ldcxx=yes
lt_cv_sys_global_symbol_pipe='sed -n -e '\''s/^.*[ 	]\([ABCDGIRSTW][ABCDGIRSTW]*\)[ 	][ 	]*\([_A-Za-z][_A-Za-z0-9]*\)$/\1 \2 \2/p'\'''
lt_cv_sys_global_symbol_to_c_name_address='sed -n -e '\''s/^: \([^ ]*\) $/  {\"\1\", (lt_ptr) 0},/p'\'' -e '\''s/^[BCDEGRST] \([^ ]*\) \([^ ]*\)$/  {"\2", (lt_ptr) \&\2},/p'\'''
lt_cv_sys_global_symbol_to_cdecl='sed -n -e '\''s/^. .* \(.*\)$/extern int \1;/p'\'''
lt_cv_sys_lib_dlsearch_path_spec='/lib /usr/lib /usr/lib/mysql /usr/lib64/mysql /usr/lib/qt-3.3/lib /usr/lib64/qt-3.3/lib /usr/lib64/xulrunner-1.9.2 /lib64 /usr/lib64 /usr/kerberos/lib64 /opt/nmi/lib /usr/lib64/qt-3.1/lib /usr/lib64/mysql /usr/X11R6/lib64 '
lt_cv_sys_lib_search_path_spec='/uscmst1/prod/sw/cms/slc5_amd64_gcc434/external/gcc/4.3.4-cms/lib/gcc/x86_64-unknown-linux-gnu/4.3.4 /uscmst1/prod/sw/cms/slc5_amd64_gcc434/external/gcc/4.3.4-cms/lib/gcc /uscmst1/prod/sw/cms/slc5_amd64_gcc434/external/gcc/4.3.4-cms/lib64 /lib64 /usr/lib64 /uscmst1/prod/sw/cms/slc5_amd64_gcc434/external/gcc/4.3.4-cms/x86_64-unknown-linux-gnu/lib'
lt_cv_sys_max_cmd_len=98304
lt_lt_cv_prog_compiler_c_o='"yes"'
lt_lt_cv_prog_compiler_c_o_CXX='"yes"'
lt_lt_cv_prog_compiler_c_o_F77='"yes"'
lt_lt_cv_sys_global_symbol_pipe='"sed -n -e '\''s/^.*[ 	]\\([ABCDGIRSTW][ABCDGIRSTW]*\\)[ 	][ 	]*\\([_A-Za-z][_A-Za-z0-9]*\\)\$/\\1 \\2 \\2/p'\''"'
lt_lt_cv_sys_global_symbol_to_c_name_address='"sed -n -e '\''s/^: \\([^ ]*\\) \$/  {\\\"\\1\\\", (lt_ptr) 0},/p'\'' -e '\''s/^[BCDEGRST] \\([^ ]*\\) \\([^ ]*\\)\$/  {\"\\2\", (lt_ptr) \\&\\2},/p'\''"'
lt_lt_cv_sys_global_symbol_to_cdecl='"sed -n -e '\''s/^. .* \\(.*\\)\$/extern int \\1;/p'\''"'

## ----------------- ##
## Output variables. ##
## ----------------- ##

ACLOCAL='${SHELL} /uscms_data/d3/ajay/FNAL_CMSDAS14/CMSDAS_Jets_Long/CMSSW_4_2_8/src/JetsLongExerciseDijetMassSpectrumInAssociationWithW/root/core/pcre/src/pcre-7.8/missing --run aclocal-1.10'
AMDEPBACKSLASH='\'
AMDEP_FALSE='#'
AMDEP_TRUE=''
AMTAR='${SHELL} /uscms_data/d3/ajay/FNAL_CMSDAS14/CMSDAS_Jets_Long/CMSSW_4_2_8/src/JetsLongExerciseDijetMassSpectrumInAssociationWithW/root/core/pcre/src/pcre-7.8/missing --run tar'
AR='ar'
AS='as'
AUTOCONF='${SHELL} /uscms_data/d3/ajay/FNAL_CMSDAS14/CMSDAS_Jets_Long/CMSSW_4_2_8/src/JetsLongExerciseDijetMassSpectrumInAssociationWithW/root/core/pcre/src/pcre-7.8/missing --run autoconf'
AUTOHEADER='${SHELL} /uscms_data/d3/ajay/FNAL_CMSDAS14/CMSDAS_Jets_Long/CMSSW_4_2_8/src/JetsLongExerciseDijetMassSpectrumInAssociationWithW/root/core/pcre/src/pcre-7.8/missing --run autoheader'
AUTOMAKE='${SHELL} /uscms_data/d3/ajay/FNAL_CMSDAS14/CMSDAS_Jets_Long/CMSSW_4_2_8/src/JetsLongExerciseDijetMassSpectrumInAssociationWithW/root/core/pcre/src/pcre-7.8/missing --run automake-1.10'
AWK='gawk'
CC='gcc'
CCDEPMODE='depmode=gcc3'
CFLAGS='-m64 -O'
CPP='gcc -E'
CPPFLAGS=''
CXX='g++'
CXXCPP='g++ -E'
CXXDEPMODE='depmode=gcc3'
CXXFLAGS='-O2'
CYGPATH_W='echo'
DEFS='-DHAVE_CONFIG_H'
DEPDIR='.deps'
DISTCHECK_CONFIGURE_FLAGS='--enable-cpp --enable-unicode-properties'
DLLTOOL='dlltool'
DSYMUTIL=''
ECHO='echo'
ECHO_C=''
ECHO_N='-n'
ECHO_T=''
EGREP='/bin/grep -E'
EXEEXT=''
EXTRA_LIBPCRECPP_LDFLAGS='                            -version-info 0:0:0                           '
EXTRA_LIBPCREPOSIX_LDFLAGS='                              -version-info 0:0:0'
EXTRA_LIBPCRE_LDFLAGS='                         -version-info 0:1:0'
F77='g77'
FFLAGS='-g -O2'
GREP='/bin/grep'
INSTALL_DATA='${INSTALL} -m 644'
INSTALL_PROGRAM='${INSTALL}'
INSTALL_SCRIPT='${INSTALL}'
INSTALL_STRIP_PROGRAM='$(install_sh) -c -s'
LDFLAGS=''
LIBOBJS=''
LIBS=''
LIBTOOL='$(SHELL) $(top_builddir)/libtool'
LN_S='ln -s'
LTLIBOBJS=''
MAKEINFO='${SHELL} /uscms_data/d3/ajay/FNAL_CMSDAS14/CMSDAS_Jets_Long/CMSSW_4_2_8/src/JetsLongExerciseDijetMassSpectrumInAssociationWithW/root/core/pcre/src/pcre-7.8/missing --run makeinfo'
NMEDIT=''
OBJDUMP='objdump'
OBJEXT='o'
PACKAGE='pcre'
PACKAGE_BUGREPORT=''
PACKAGE_NAME='PCRE'
PACKAGE_STRING='PCRE 7.8'
PACKAGE_TARNAME='pcre'
PACKAGE_VERSION='7.8'
PATH_SEPARATOR=':'
PCRE_DATE='2008-09-05'
PCRE_MAJOR='7'
PCRE_MINOR='8'
PCRE_PRERELEASE=''
RANLIB='ranlib'
SED='/bin/sed'
SET_MAKE=''
SHELL='/bin/sh'
STRIP='strip'
VERSION='7.8'
WITH_PCRE_CPP_FALSE='#'
WITH_PCRE_CPP_TRUE=''
WITH_REBUILD_CHARTABLES_FALSE=''
WITH_REBUILD_CHARTABLES_TRUE='#'
ac_ct_CC='gcc'
ac_ct_CXX='g++'
ac_ct_F77='g77'
am__fastdepCC_FALSE='#'
am__fastdepCC_TRUE=''
am__fastdepCXX_FALSE='#'
am__fastdepCXX_TRUE=''
am__include='include'
am__isrc=''
am__leading_dot='.'
am__quote=''
am__tar='${AMTAR} chof - "$$tardir"'
am__untar='${AMTAR} xf -'
bindir='${exec_prefix}/bin'
build='x86_64-unknown-linux-gnu'
build_alias=''
build_cpu='x86_64'
build_os='linux-gnu'
build_vendor='unknown'
datadir='${datarootdir}'
datarootdir='${prefix}/share'
docdir='${datarootdir}/doc/${PACKAGE_TARNAME}'
dvidir='${docdir}'
exec_prefix='${prefix}'
host='x86_64-unknown-linux-gnu'
host_alias=''
host_cpu='x86_64'
host_os='linux-gnu'
host_vendor='unknown'
htmldir='${docdir}/html'
includedir='${prefix}/include'
infodir='${datarootdir}/info'
install_sh='$(SHELL) /uscms_data/d3/ajay/FNAL_CMSDAS14/CMSDAS_Jets_Long/CMSSW_4_2_8/src/JetsLongExerciseDijetMassSpectrumInAssociationWithW/root/core/pcre/src/pcre-7.8/install-sh'
libdir='${exec_prefix}/lib'
libexecdir='${exec_prefix}/libexec'
localedir='${datarootdir}/locale'
localstatedir='${prefix}/var'
mandir='${datarootdir}/man'
mkdir_p='/bin/mkdir -p'
oldincludedir='/usr/include'
pcre_have_bits_type_traits='0'
pcre_have_long_long='1'
pcre_have_type_traits='0'
pcre_have_ulong_long='1'
pdfdir='${docdir}'
prefix='/usr/local'
program_transform_name='s,x,x,'
psdir='${docdir}'
sbindir='${exec_prefix}/sbin'
sharedstatedir='${prefix}/com'
sysconfdir='${prefix}/etc'
target_alias=''

## ----------- ##
## confdefs.h. ##
## ----------- ##

#define PACKAGE_NAME "PCRE"
#define PACKAGE_TARNAME "pcre"
#define PACKAGE_VERSION "7.8"
#define PACKAGE_STRING "PCRE 7.8"
#define PACKAGE_BUGREPORT ""
#define PACKAGE "pcre"
#define VERSION "7.8"
#define STDC_HEADERS 1
#define HAVE_SYS_TYPES_H 1
#define HAVE_SYS_STAT_H 1
#define HAVE_STDLIB_H 1
#define HAVE_STRING_H 1
#define HAVE_MEMORY_H 1
#define HAVE_STRINGS_H 1
#define HAVE_INTTYPES_H 1
#define HAVE_STDINT_H 1
#define HAVE_UNISTD_H 1
#define HAVE_DLFCN_H 1
#define STDC_HEADERS 1
#define HAVE_LIMITS_H 1
#define HAVE_SYS_TYPES_H 1
#define HAVE_SYS_STAT_H 1
#define HAVE_DIRENT_H 1
#define HAVE_STRING 1
#define HAVE_STRTOQ 1
#define HAVE_LONG_LONG 1
#define HAVE_UNSIGNED_LONG_LONG 1
#define HAVE_BCOPY 1
#define HAVE_MEMMOVE 1
#define HAVE_STRERROR 1
#define HAVE_ZLIB_H 1
#define HAVE_BZLIB_H 1
#define PCRE_STATIC 1
#define NEWLINE 10
#define LINK_SIZE 2
#define POSIX_MALLOC_THRESHOLD 10
#define MATCH_LIMIT 10000000
#define MATCH_LIMIT_RECURSION MATCH_LIMIT
#define MAX_NAME_SIZE 32
#define MAX_NAME_COUNT 10000

configure: exit 0
